<?xml version="1.0" encoding="UTF-8"?>
<testng-results ignored="0" total="1" passed="1" failed="0" skipped="0">
  <reporter-output>
    <line>
      <![CDATA[Incorrect browser selection]]>
    </line>
  </reporter-output>
  <suite started-at="2024-09-22T19:42:06 NPT" name="Default suite" finished-at="2024-09-22T19:42:23 NPT" duration-ms="16423">
    <groups>
    </groups>
    <test started-at="2024-09-22T19:42:06 NPT" name="Default test" finished-at="2024-09-22T19:42:23 NPT" duration-ms="16423">
      <class name="automation.qaTest.RegisterTest">
        <test-method is-config="true" signature="setup()[pri:0, instance:automation.qaTest.RegisterTest@5c5eefef]" started-at="2024-09-22T19:42:06 NPT" name="setup" finished-at="2024-09-22T19:42:12 NPT" duration-ms="5927" status="PASS">
          <reporter-output>
            <line>
              <![CDATA[Incorrect browser selection]]>
            </line>
          </reporter-output>
        </test-method> <!-- setup -->
        <test-method signature="verifyRegisterTest()[pri:0, instance:automation.qaTest.RegisterTest@5c5eefef]" started-at="2024-09-22T19:42:12 NPT" name="verifyRegisterTest" finished-at="2024-09-22T19:42:23 NPT" duration-ms="10268" status="PASS">
          <reporter-output>
          </reporter-output>
        </test-method> <!-- verifyRegisterTest -->
        <test-method is-config="true" signature="closeBrowserSession()[pri:0, instance:automation.qaTest.RegisterTest@5c5eefef]" started-at="2024-09-22T19:42:23 NPT" name="closeBrowserSession" finished-at="2024-09-22T19:42:23 NPT" duration-ms="199" status="PASS">
          <reporter-output>
          </reporter-output>
        </test-method> <!-- closeBrowserSession -->
      </class> <!-- automation.qaTest.RegisterTest -->
    </test> <!-- Default test -->
  </suite> <!-- Default suite -->
</testng-results>
